Analysis & Synthesis report for CourseProject
Thu Apr 26 23:15:14 2018
Quartus II Version 9.1 Build 222 10/21/2009 SJ Web Edition


---------------------
; Table of Contents ;
---------------------
  1. Legal Notice
  2. Analysis & Synthesis Summary
  3. Analysis & Synthesis Settings
  4. Parallel Compilation
  5. Analysis & Synthesis Source Files Read
  6. Analysis & Synthesis Resource Usage Summary
  7. Analysis & Synthesis Resource Utilization by Entity
  8. Registers Removed During Synthesis
  9. General Register Statistics
 10. Multiplexer Restructuring Statistics (Restructuring Performed)
 11. Source assignments for StackPointer:inst4|lpm_counter5:inst1|lpm_counter:lpm_counter_component
 12. Parameter Settings for User Entity Instance: lpm_compare2:inst8|lpm_compare:lpm_compare_component
 13. Parameter Settings for User Entity Instance: lpm_constant1:inst10|lpm_constant:lpm_constant_component
 14. Parameter Settings for User Entity Instance: StackPointer:inst4|lpm_add_sub0:inst3|lpm_add_sub:lpm_add_sub_component
 15. Parameter Settings for User Entity Instance: StackPointer:inst4|lpm_counter5:inst1|lpm_counter:lpm_counter_component
 16. Parameter Settings for User Entity Instance: lpm_compare2:inst6|lpm_compare:lpm_compare_component
 17. Parameter Settings for User Entity Instance: lpm_constant0:inst7|lpm_constant:lpm_constant_component
 18. Parameter Settings for User Entity Instance: lpm_mux7:inst25|LPM_MUX:lpm_mux_component
 19. Parameter Settings for User Entity Instance: lpm_dff2:inst|lpm_ff:lpm_ff_component
 20. Parameter Settings for User Entity Instance: lpm_decode5:inst26|lpm_decode:lpm_decode_component
 21. Parameter Settings for User Entity Instance: lpm_dff2:inst18|lpm_ff:lpm_ff_component
 22. Parameter Settings for User Entity Instance: lpm_dff2:inst19|lpm_ff:lpm_ff_component
 23. Parameter Settings for User Entity Instance: lpm_dff2:inst20|lpm_ff:lpm_ff_component
 24. Parameter Settings for User Entity Instance: lpm_dff2:inst21|lpm_ff:lpm_ff_component
 25. Parameter Settings for User Entity Instance: lpm_dff2:inst22|lpm_ff:lpm_ff_component
 26. Analysis & Synthesis Messages



----------------
; Legal Notice ;
----------------
Copyright (C) 1991-2009 Altera Corporation
Your use of Altera Corporation's design tools, logic functions 
and other software and tools, and its AMPP partner logic 
functions, and any output files from any of the foregoing 
(including device programming or simulation files), and any 
associated documentation or information are expressly subject 
to the terms and conditions of the Altera Program License 
Subscription Agreement, Altera MegaCore Function License 
Agreement, or other applicable license agreement, including, 
without limitation, that your use is for the sole purpose of 
programming logic devices manufactured by Altera and sold by 
Altera or its authorized distributors.  Please refer to the 
applicable agreement for further details.



+-------------------------------------------------------------------------+
; Analysis & Synthesis Summary                                            ;
+-------------------------------+-----------------------------------------+
; Analysis & Synthesis Status   ; Successful - Thu Apr 26 23:15:14 2018   ;
; Quartus II Version            ; 9.1 Build 222 10/21/2009 SJ Web Edition ;
; Revision Name                 ; CourseProject                           ;
; Top-level Entity Name         ; Stack                                   ;
; Family                        ; Stratix II                              ;
; Logic utilization             ; N/A                                     ;
;     Combinational ALUTs       ; 30                                      ;
;     Dedicated logic registers ; 43                                      ;
; Total registers               ; 43                                      ;
; Total pins                    ; 24                                      ;
; Total virtual pins            ; 0                                       ;
; Total block memory bits       ; 0                                       ;
; DSP block 9-bit elements      ; 0                                       ;
; Total PLLs                    ; 0                                       ;
; Total DLLs                    ; 0                                       ;
+-------------------------------+-----------------------------------------+


+----------------------------------------------------------------------------------------------------------------------+
; Analysis & Synthesis Settings                                                                                        ;
+----------------------------------------------------------------------------+--------------------+--------------------+
; Option                                                                     ; Setting            ; Default Value      ;
+----------------------------------------------------------------------------+--------------------+--------------------+
; Top-level entity name                                                      ; Stack              ; CourseProject      ;
; Family name                                                                ; Stratix II         ; Stratix II         ;
; Use Generated Physical Constraints File                                    ; Off                ;                    ;
; Use smart compilation                                                      ; Off                ; Off                ;
; Enable parallel Assembler and TimeQuest Timing Analyzer during compilation ; On                 ; On                 ;
; Enable compact report table                                                ; Off                ; Off                ;
; Restructure Multiplexers                                                   ; Auto               ; Auto               ;
; Create Debugging Nodes for IP Cores                                        ; Off                ; Off                ;
; Preserve fewer node names                                                  ; On                 ; On                 ;
; Disable OpenCore Plus hardware evaluation                                  ; Off                ; Off                ;
; Verilog Version                                                            ; Verilog_2001       ; Verilog_2001       ;
; VHDL Version                                                               ; VHDL_1993          ; VHDL_1993          ;
; State Machine Processing                                                   ; Auto               ; Auto               ;
; Safe State Machine                                                         ; Off                ; Off                ;
; Extract Verilog State Machines                                             ; On                 ; On                 ;
; Extract VHDL State Machines                                                ; On                 ; On                 ;
; Ignore Verilog initial constructs                                          ; Off                ; Off                ;
; Iteration limit for constant Verilog loops                                 ; 5000               ; 5000               ;
; Iteration limit for non-constant Verilog loops                             ; 250                ; 250                ;
; Add Pass-Through Logic to Inferred RAMs                                    ; On                 ; On                 ;
; Parallel Synthesis                                                         ; On                 ; On                 ;
; DSP Block Balancing                                                        ; Auto               ; Auto               ;
; NOT Gate Push-Back                                                         ; On                 ; On                 ;
; Power-Up Don't Care                                                        ; On                 ; On                 ;
; Remove Redundant Logic Cells                                               ; Off                ; Off                ;
; Remove Duplicate Registers                                                 ; On                 ; On                 ;
; Ignore CARRY Buffers                                                       ; Off                ; Off                ;
; Ignore CASCADE Buffers                                                     ; Off                ; Off                ;
; Ignore GLOBAL Buffers                                                      ; Off                ; Off                ;
; Ignore ROW GLOBAL Buffers                                                  ; Off                ; Off                ;
; Ignore LCELL Buffers                                                       ; Off                ; Off                ;
; Ignore SOFT Buffers                                                        ; On                 ; On                 ;
; Limit AHDL Integers to 32 Bits                                             ; Off                ; Off                ;
; Optimization Technique                                                     ; Balanced           ; Balanced           ;
; Carry Chain Length                                                         ; 70                 ; 70                 ;
; Auto Carry Chains                                                          ; On                 ; On                 ;
; Auto Open-Drain Pins                                                       ; On                 ; On                 ;
; Perform WYSIWYG Primitive Resynthesis                                      ; Off                ; Off                ;
; Auto ROM Replacement                                                       ; On                 ; On                 ;
; Auto RAM Replacement                                                       ; On                 ; On                 ;
; Auto DSP Block Replacement                                                 ; On                 ; On                 ;
; Auto Shift Register Replacement                                            ; Auto               ; Auto               ;
; Auto Clock Enable Replacement                                              ; On                 ; On                 ;
; Strict RAM Replacement                                                     ; Off                ; Off                ;
; Allow Synchronous Control Signals                                          ; On                 ; On                 ;
; Force Use of Synchronous Clear Signals                                     ; Off                ; Off                ;
; Auto RAM Block Balancing                                                   ; On                 ; On                 ;
; Auto RAM to Logic Cell Conversion                                          ; Off                ; Off                ;
; Auto Resource Sharing                                                      ; Off                ; Off                ;
; Allow Any RAM Size For Recognition                                         ; Off                ; Off                ;
; Allow Any ROM Size For Recognition                                         ; Off                ; Off                ;
; Allow Any Shift Register Size For Recognition                              ; Off                ; Off                ;
; Use LogicLock Constraints during Resource Balancing                        ; On                 ; On                 ;
; Ignore translate_off and synthesis_off directives                          ; Off                ; Off                ;
; Timing-Driven Synthesis                                                    ; Off                ; Off                ;
; Show Parameter Settings Tables in Synthesis Report                         ; On                 ; On                 ;
; Ignore Maximum Fan-Out Assignments                                         ; Off                ; Off                ;
; Synchronization Register Chain Length                                      ; 2                  ; 2                  ;
; PowerPlay Power Optimization                                               ; Normal compilation ; Normal compilation ;
; HDL message level                                                          ; Level2             ; Level2             ;
; Suppress Register Optimization Related Messages                            ; Off                ; Off                ;
; Number of Removed Registers Reported in Synthesis Report                   ; 100                ; 100                ;
; Number of Inverted Registers Reported in Synthesis Report                  ; 100                ; 100                ;
; Clock MUX Protection                                                       ; On                 ; On                 ;
; Auto Gated Clock Conversion                                                ; Off                ; Off                ;
; Block Design Naming                                                        ; Auto               ; Auto               ;
; SDC constraint protection                                                  ; Off                ; Off                ;
; Synthesis Effort                                                           ; Auto               ; Auto               ;
; Shift Register Replacement - Allow Asynchronous Clear Signal               ; On                 ; On                 ;
; Analysis & Synthesis Message Level                                         ; Medium             ; Medium             ;
; Disable Register Merging Across Hierarchies                                ; Auto               ; Auto               ;
; Resource Aware Inference For Block RAM                                     ; On                 ; On                 ;
+----------------------------------------------------------------------------+--------------------+--------------------+


Parallel compilation was disabled, but you have multiple processors available. Enable parallel compilation to reduce compilation time.
+-------------------------------------+
; Parallel Compilation                ;
+----------------------------+--------+
; Processors                 ; Number ;
+----------------------------+--------+
; Number detected on machine ; 2      ;
; Maximum allowed            ; 1      ;
+----------------------------+--------+


+------------------------------------------------------------------------------------------------------------------------------------------------------------------+
; Analysis & Synthesis Source Files Read                                                                                                                           ;
+----------------------------------+-----------------+------------------------------------+------------------------------------------------------------------------+
; File Name with User-Entered Path ; Used in Netlist ; File Type                          ; File Name with Absolute Path                                           ;
+----------------------------------+-----------------+------------------------------------+------------------------------------------------------------------------+
; lpm_dff2.vhd                     ; yes             ; User Wizard-Generated File         ; C:/Users/Greenwalrus/Desktop/CourseProj6Sem/Project/lpm_dff2.vhd       ;
; Stack.bdf                        ; yes             ; User Block Diagram/Schematic File  ; C:/Users/Greenwalrus/Desktop/CourseProj6Sem/Project/Stack.bdf          ;
; StackPointer.bdf                 ; yes             ; User Block Diagram/Schematic File  ; C:/Users/Greenwalrus/Desktop/CourseProj6Sem/Project/StackPointer.bdf   ;
; lpm_constant0.vhd                ; yes             ; User Wizard-Generated File         ; C:/Users/Greenwalrus/Desktop/CourseProj6Sem/Project/lpm_constant0.vhd  ;
; lpm_counter5.vhd                 ; yes             ; User Wizard-Generated File         ; C:/Users/Greenwalrus/Desktop/CourseProj6Sem/Project/lpm_counter5.vhd   ;
; lpm_add_sub0.vhd                 ; yes             ; User Wizard-Generated File         ; C:/Users/Greenwalrus/Desktop/CourseProj6Sem/Project/lpm_add_sub0.vhd   ;
; lpm_compare2.vhd                 ; yes             ; User Wizard-Generated File         ; C:/Users/Greenwalrus/Desktop/CourseProj6Sem/Project/lpm_compare2.vhd   ;
; lpm_constant1.vhd                ; yes             ; User Wizard-Generated File         ; C:/Users/Greenwalrus/Desktop/CourseProj6Sem/Project/lpm_constant1.vhd  ;
; lpm_mux7.vhd                     ; yes             ; User Wizard-Generated File         ; C:/Users/Greenwalrus/Desktop/CourseProj6Sem/Project/lpm_mux7.vhd       ;
; lpm_decode5.vhd                  ; yes             ; User Wizard-Generated File         ; C:/Users/Greenwalrus/Desktop/CourseProj6Sem/Project/lpm_decode5.vhd    ;
; lpm_compare.tdf                  ; yes             ; Megafunction                       ; c:/altera/91/quartus/libraries/megafunctions/lpm_compare.tdf           ;
; db/cmpr_aig.tdf                  ; yes             ; Auto-Generated Megafunction        ; C:/Users/Greenwalrus/Desktop/CourseProj6Sem/Project/db/cmpr_aig.tdf    ;
; lpm_constant.tdf                 ; yes             ; Megafunction                       ; c:/altera/91/quartus/libraries/megafunctions/lpm_constant.tdf          ;
; lpm_add_sub.tdf                  ; yes             ; Megafunction                       ; c:/altera/91/quartus/libraries/megafunctions/lpm_add_sub.tdf           ;
; db/add_sub_uph.tdf               ; yes             ; Auto-Generated Megafunction        ; C:/Users/Greenwalrus/Desktop/CourseProj6Sem/Project/db/add_sub_uph.tdf ;
; lpm_counter.tdf                  ; yes             ; Megafunction                       ; c:/altera/91/quartus/libraries/megafunctions/lpm_counter.tdf           ;
; db/cntr_4dg.tdf                  ; yes             ; Auto-Generated Megafunction        ; C:/Users/Greenwalrus/Desktop/CourseProj6Sem/Project/db/cntr_4dg.tdf    ;
; lpm_mux.tdf                      ; yes             ; Megafunction                       ; c:/altera/91/quartus/libraries/megafunctions/lpm_mux.tdf               ;
; db/mux_f4e.tdf                   ; yes             ; Auto-Generated Megafunction        ; C:/Users/Greenwalrus/Desktop/CourseProj6Sem/Project/db/mux_f4e.tdf     ;
; lpm_ff.tdf                       ; yes             ; Megafunction                       ; c:/altera/91/quartus/libraries/megafunctions/lpm_ff.tdf                ;
; lpm_decode.tdf                   ; yes             ; Megafunction                       ; c:/altera/91/quartus/libraries/megafunctions/lpm_decode.tdf            ;
; db/decode_5sf.tdf                ; yes             ; Auto-Generated Megafunction        ; C:/Users/Greenwalrus/Desktop/CourseProj6Sem/Project/db/decode_5sf.tdf  ;
+----------------------------------+-----------------+------------------------------------+------------------------------------------------------------------------+


+-----------------------------------------------------------------------------------------------------------------------------------------------------------+
; Analysis & Synthesis Resource Usage Summary                                                                                                               ;
+-----------------------------------------------+-----------------------------------------------------------------------------------------------------------+
; Resource                                      ; Usage                                                                                                     ;
+-----------------------------------------------+-----------------------------------------------------------------------------------------------------------+
; Estimated ALUTs Used                          ; 30                                                                                                        ;
; Dedicated logic registers                     ; 43                                                                                                        ;
;                                               ;                                                                                                           ;
; Estimated ALUTs Unavailable                   ; 0                                                                                                         ;
;                                               ;                                                                                                           ;
; Total combinational functions                 ; 30                                                                                                        ;
; Combinational ALUT usage by number of inputs  ;                                                                                                           ;
;     -- 7 input functions                      ; 0                                                                                                         ;
;     -- 6 input functions                      ; 9                                                                                                         ;
;     -- 5 input functions                      ; 9                                                                                                         ;
;     -- 4 input functions                      ; 4                                                                                                         ;
;     -- <=3 input functions                    ; 8                                                                                                         ;
;                                               ;                                                                                                           ;
; Combinational ALUTs by mode                   ;                                                                                                           ;
;     -- normal mode                            ; 27                                                                                                        ;
;     -- extended LUT mode                      ; 0                                                                                                         ;
;     -- arithmetic mode                        ; 3                                                                                                         ;
;     -- shared arithmetic mode                 ; 0                                                                                                         ;
;                                               ;                                                                                                           ;
; Estimated ALUT/register pairs used            ; 64                                                                                                        ;
;                                               ;                                                                                                           ;
; Total registers                               ; 43                                                                                                        ;
;     -- Dedicated logic registers              ; 43                                                                                                        ;
;     -- I/O registers                          ; 0                                                                                                         ;
;                                               ;                                                                                                           ;
; Estimated ALMs:  partially or completely used ; 32                                                                                                        ;
;                                               ;                                                                                                           ;
; I/O pins                                      ; 24                                                                                                        ;
; Maximum fan-out node                          ; StackPointer:inst4|lpm_counter5:inst1|lpm_counter:lpm_counter_component|cntr_4dg:auto_generated|safe_q[1] ;
; Maximum fan-out                               ; 24                                                                                                        ;
; Total fan-out                                 ; 234                                                                                                       ;
; Average fan-out                               ; 2.41                                                                                                      ;
+-----------------------------------------------+-----------------------------------------------------------------------------------------------------------+


+-------------------------------------------------------------------------------------------------------------------------------------------------------------------------------------------------------------------------------------------------------------------------------------------------------+
; Analysis & Synthesis Resource Utilization by Entity                                                                                                                                                                                                                                                   ;
+----------------------------------------------+-------------------+--------------+-------------------+--------------+---------+-----------+-----------+------+--------------+-----------------------------------------------------------------------------------------------------------+--------------+
; Compilation Hierarchy Node                   ; LC Combinationals ; LC Registers ; Block Memory Bits ; DSP Elements ; DSP 9x9 ; DSP 18x18 ; DSP 36x36 ; Pins ; Virtual Pins ; Full Hierarchy Name                                                                                       ; Library Name ;
+----------------------------------------------+-------------------+--------------+-------------------+--------------+---------+-----------+-----------+------+--------------+-----------------------------------------------------------------------------------------------------------+--------------+
; |Stack                                       ; 30 (1)            ; 43 (0)       ; 0                 ; 0            ; 0       ; 0         ; 0         ; 24   ; 0            ; |Stack                                                                                                    ; work         ;
;    |StackPointer:inst4|                      ; 5 (0)             ; 3 (0)        ; 0                 ; 0            ; 0       ; 0         ; 0         ; 0    ; 0            ; |Stack|StackPointer:inst4                                                                                 ; work         ;
;       |lpm_add_sub0:inst3|                   ; 2 (0)             ; 0 (0)        ; 0                 ; 0            ; 0       ; 0         ; 0         ; 0    ; 0            ; |Stack|StackPointer:inst4|lpm_add_sub0:inst3                                                              ;              ;
;          |lpm_add_sub:lpm_add_sub_component| ; 2 (0)             ; 0 (0)        ; 0                 ; 0            ; 0       ; 0         ; 0         ; 0    ; 0            ; |Stack|StackPointer:inst4|lpm_add_sub0:inst3|lpm_add_sub:lpm_add_sub_component                            ; work         ;
;             |add_sub_uph:auto_generated|     ; 2 (2)             ; 0 (0)        ; 0                 ; 0            ; 0       ; 0         ; 0         ; 0    ; 0            ; |Stack|StackPointer:inst4|lpm_add_sub0:inst3|lpm_add_sub:lpm_add_sub_component|add_sub_uph:auto_generated ;              ;
;       |lpm_counter5:inst1|                   ; 3 (0)             ; 3 (0)        ; 0                 ; 0            ; 0       ; 0         ; 0         ; 0    ; 0            ; |Stack|StackPointer:inst4|lpm_counter5:inst1                                                              ; work         ;
;          |lpm_counter:lpm_counter_component| ; 3 (0)             ; 3 (0)        ; 0                 ; 0            ; 0       ; 0         ; 0         ; 0    ; 0            ; |Stack|StackPointer:inst4|lpm_counter5:inst1|lpm_counter:lpm_counter_component                            ;              ;
;             |cntr_4dg:auto_generated|        ; 3 (3)             ; 3 (3)        ; 0                 ; 0            ; 0       ; 0         ; 0         ; 0    ; 0            ; |Stack|StackPointer:inst4|lpm_counter5:inst1|lpm_counter:lpm_counter_component|cntr_4dg:auto_generated    ; work         ;
;    |lpm_compare2:inst6|                      ; 1 (0)             ; 0 (0)        ; 0                 ; 0            ; 0       ; 0         ; 0         ; 0    ; 0            ; |Stack|lpm_compare2:inst6                                                                                 ; work         ;
;       |lpm_compare:lpm_compare_component|    ; 1 (0)             ; 0 (0)        ; 0                 ; 0            ; 0       ; 0         ; 0         ; 0    ; 0            ; |Stack|lpm_compare2:inst6|lpm_compare:lpm_compare_component                                               ;              ;
;          |cmpr_aig:auto_generated|           ; 1 (1)             ; 0 (0)        ; 0                 ; 0            ; 0       ; 0         ; 0         ; 0    ; 0            ; |Stack|lpm_compare2:inst6|lpm_compare:lpm_compare_component|cmpr_aig:auto_generated                       ; work         ;
;    |lpm_compare2:inst8|                      ; 1 (0)             ; 0 (0)        ; 0                 ; 0            ; 0       ; 0         ; 0         ; 0    ; 0            ; |Stack|lpm_compare2:inst8                                                                                 ;              ;
;       |lpm_compare:lpm_compare_component|    ; 1 (0)             ; 0 (0)        ; 0                 ; 0            ; 0       ; 0         ; 0         ; 0    ; 0            ; |Stack|lpm_compare2:inst8|lpm_compare:lpm_compare_component                                               ; work         ;
;          |cmpr_aig:auto_generated|           ; 1 (1)             ; 0 (0)        ; 0                 ; 0            ; 0       ; 0         ; 0         ; 0    ; 0            ; |Stack|lpm_compare2:inst8|lpm_compare:lpm_compare_component|cmpr_aig:auto_generated                       ;              ;
;    |lpm_decode5:inst26|                      ; 5 (0)             ; 0 (0)        ; 0                 ; 0            ; 0       ; 0         ; 0         ; 0    ; 0            ; |Stack|lpm_decode5:inst26                                                                                 ; work         ;
;       |lpm_decode:lpm_decode_component|      ; 5 (0)             ; 0 (0)        ; 0                 ; 0            ; 0       ; 0         ; 0         ; 0    ; 0            ; |Stack|lpm_decode5:inst26|lpm_decode:lpm_decode_component                                                 ;              ;
;          |decode_5sf:auto_generated|         ; 5 (5)             ; 0 (0)        ; 0                 ; 0            ; 0       ; 0         ; 0         ; 0    ; 0            ; |Stack|lpm_decode5:inst26|lpm_decode:lpm_decode_component|decode_5sf:auto_generated                       ; work         ;
;    |lpm_dff2:inst18|                         ; 0 (0)             ; 8 (0)        ; 0                 ; 0            ; 0       ; 0         ; 0         ; 0    ; 0            ; |Stack|lpm_dff2:inst18                                                                                    ; work         ;
;       |lpm_ff:lpm_ff_component|              ; 0 (0)             ; 8 (8)        ; 0                 ; 0            ; 0       ; 0         ; 0         ; 0    ; 0            ; |Stack|lpm_dff2:inst18|lpm_ff:lpm_ff_component                                                            ; work         ;
;    |lpm_dff2:inst19|                         ; 0 (0)             ; 8 (0)        ; 0                 ; 0            ; 0       ; 0         ; 0         ; 0    ; 0            ; |Stack|lpm_dff2:inst19                                                                                    ; work         ;
;       |lpm_ff:lpm_ff_component|              ; 0 (0)             ; 8 (8)        ; 0                 ; 0            ; 0       ; 0         ; 0         ; 0    ; 0            ; |Stack|lpm_dff2:inst19|lpm_ff:lpm_ff_component                                                            ;              ;
;    |lpm_dff2:inst20|                         ; 0 (0)             ; 8 (0)        ; 0                 ; 0            ; 0       ; 0         ; 0         ; 0    ; 0            ; |Stack|lpm_dff2:inst20                                                                                    ; work         ;
;       |lpm_ff:lpm_ff_component|              ; 0 (0)             ; 8 (8)        ; 0                 ; 0            ; 0       ; 0         ; 0         ; 0    ; 0            ; |Stack|lpm_dff2:inst20|lpm_ff:lpm_ff_component                                                            ;              ;
;    |lpm_dff2:inst21|                         ; 0 (0)             ; 8 (0)        ; 0                 ; 0            ; 0       ; 0         ; 0         ; 0    ; 0            ; |Stack|lpm_dff2:inst21                                                                                    ; work         ;
;       |lpm_ff:lpm_ff_component|              ; 0 (0)             ; 8 (8)        ; 0                 ; 0            ; 0       ; 0         ; 0         ; 0    ; 0            ; |Stack|lpm_dff2:inst21|lpm_ff:lpm_ff_component                                                            ;              ;
;    |lpm_dff2:inst22|                         ; 0 (0)             ; 8 (0)        ; 0                 ; 0            ; 0       ; 0         ; 0         ; 0    ; 0            ; |Stack|lpm_dff2:inst22                                                                                    ; work         ;
;       |lpm_ff:lpm_ff_component|              ; 0 (0)             ; 8 (8)        ; 0                 ; 0            ; 0       ; 0         ; 0         ; 0    ; 0            ; |Stack|lpm_dff2:inst22|lpm_ff:lpm_ff_component                                                            ;              ;
;    |lpm_mux7:inst25|                         ; 17 (0)            ; 0 (0)        ; 0                 ; 0            ; 0       ; 0         ; 0         ; 0    ; 0            ; |Stack|lpm_mux7:inst25                                                                                    ;              ;
;       |lpm_mux:lpm_mux_component|            ; 17 (0)            ; 0 (0)        ; 0                 ; 0            ; 0       ; 0         ; 0         ; 0    ; 0            ; |Stack|lpm_mux7:inst25|lpm_mux:lpm_mux_component                                                          ; work         ;
;          |mux_f4e:auto_generated|            ; 17 (17)           ; 0 (0)        ; 0                 ; 0            ; 0       ; 0         ; 0         ; 0    ; 0            ; |Stack|lpm_mux7:inst25|lpm_mux:lpm_mux_component|mux_f4e:auto_generated                                   ;              ;
+----------------------------------------------+-------------------+--------------+-------------------+--------------+---------+-----------+-----------+------+--------------+-----------------------------------------------------------------------------------------------------------+--------------+
Note: For table entries with two numbers listed, the numbers in parentheses indicate the number of resources of the given type used by the specific entity alone. The numbers listed outside of parentheses indicate the total resources of the given type used by the specific entity and all of its sub-entities in the hierarchy.


+-----------------------------------------------------------------------------------------+
; Registers Removed During Synthesis                                                      ;
+--------------------------------------------------+--------------------------------------+
; Register name                                    ; Reason for Removal                   ;
+--------------------------------------------------+--------------------------------------+
; lpm_dff2:inst|lpm_ff:lpm_ff_component|dffs[0..7] ; Stuck at GND due to stuck port clock ;
; Total Number of Removed Registers = 8            ;                                      ;
+--------------------------------------------------+--------------------------------------+


+------------------------------------------------------+
; General Register Statistics                          ;
+----------------------------------------------+-------+
; Statistic                                    ; Value ;
+----------------------------------------------+-------+
; Total registers                              ; 43    ;
; Number of registers using Synchronous Clear  ; 0     ;
; Number of registers using Synchronous Load   ; 0     ;
; Number of registers using Asynchronous Clear ; 0     ;
; Number of registers using Asynchronous Load  ; 0     ;
; Number of registers using Clock Enable       ; 0     ;
; Number of registers using Preset             ; 0     ;
+----------------------------------------------+-------+


+------------------------------------------------------------------------------------------------------------------------------------------------------------------------------------------------------------+
; Multiplexer Restructuring Statistics (Restructuring Performed)                                                                                                                                             ;
+--------------------+-----------+---------------+----------------------+------------------------+------------+----------------------------------------------------------------------------------------------+
; Multiplexer Inputs ; Bus Width ; Baseline Area ; Area if Restructured ; Saving if Restructured ; Registered ; Example Multiplexer Output                                                                   ;
+--------------------+-----------+---------------+----------------------+------------------------+------------+----------------------------------------------------------------------------------------------+
; 5:1                ; 8 bits    ; 24 ALUTs      ; 24 ALUTs             ; 0 ALUTs                ; No         ; |Stack|lpm_mux7:inst25|lpm_mux:lpm_mux_component|mux_f4e:auto_generated|l3_w7_n0_mux_dataout ;
+--------------------+-----------+---------------+----------------------+------------------------+------------+----------------------------------------------------------------------------------------------+


+------------------------------------------------------------------------------------------------+
; Source assignments for StackPointer:inst4|lpm_counter5:inst1|lpm_counter:lpm_counter_component ;
+---------------------------+-------+------+-----------------------------------------------------+
; Assignment                ; Value ; From ; To                                                  ;
+---------------------------+-------+------+-----------------------------------------------------+
; SUPPRESS_DA_RULE_INTERNAL ; a101  ; -    ; -                                                   ;
; SUPPRESS_DA_RULE_INTERNAL ; s102  ; -    ; -                                                   ;
; SUPPRESS_DA_RULE_INTERNAL ; s103  ; -    ; -                                                   ;
+---------------------------+-------+------+-----------------------------------------------------+


+---------------------------------------------------------------------------------------------------+
; Parameter Settings for User Entity Instance: lpm_compare2:inst8|lpm_compare:lpm_compare_component ;
+------------------------+------------+-------------------------------------------------------------+
; Parameter Name         ; Value      ; Type                                                        ;
+------------------------+------------+-------------------------------------------------------------+
; lpm_width              ; 3          ; Signed Integer                                              ;
; LPM_REPRESENTATION     ; UNSIGNED   ; Untyped                                                     ;
; LPM_PIPELINE           ; 0          ; Untyped                                                     ;
; CHAIN_SIZE             ; 8          ; Untyped                                                     ;
; ONE_INPUT_IS_CONSTANT  ; NO         ; Untyped                                                     ;
; CARRY_CHAIN            ; MANUAL     ; Untyped                                                     ;
; CASCADE_CHAIN          ; MANUAL     ; Untyped                                                     ;
; CARRY_CHAIN_LENGTH     ; 48         ; CARRY_CHAIN_LENGTH                                          ;
; CASCADE_CHAIN_LENGTH   ; 2          ; CASCADE_CHAIN_LENGTH                                        ;
; DEVICE_FAMILY          ; Stratix II ; Untyped                                                     ;
; CBXI_PARAMETER         ; cmpr_aig   ; Untyped                                                     ;
; AUTO_CARRY_CHAINS      ; ON         ; AUTO_CARRY                                                  ;
; IGNORE_CARRY_BUFFERS   ; OFF        ; IGNORE_CARRY                                                ;
; AUTO_CASCADE_CHAINS    ; ON         ; AUTO_CASCADE                                                ;
; IGNORE_CASCADE_BUFFERS ; OFF        ; IGNORE_CASCADE                                              ;
+------------------------+------------+-------------------------------------------------------------+
Note: In order to hide this table in the UI and the text report file, please set the "Show Parameter Settings Tables in Synthesis Report" option in "Analysis and Synthesis Settings -> More Settings" to "Off".


+-------------------------------------------------------------------------------------------------------+
; Parameter Settings for User Entity Instance: lpm_constant1:inst10|lpm_constant:lpm_constant_component ;
+--------------------+------------------+---------------------------------------------------------------+
; Parameter Name     ; Value            ; Type                                                          ;
+--------------------+------------------+---------------------------------------------------------------+
; LPM_WIDTH          ; 3                ; Signed Integer                                                ;
; LPM_CVALUE         ; 0                ; Signed Integer                                                ;
; ENABLE_RUNTIME_MOD ; NO               ; Untyped                                                       ;
; CBXI_PARAMETER     ; lpm_constant_5e6 ; Untyped                                                       ;
+--------------------+------------------+---------------------------------------------------------------+
Note: In order to hide this table in the UI and the text report file, please set the "Show Parameter Settings Tables in Synthesis Report" option in "Analysis and Synthesis Settings -> More Settings" to "Off".


+----------------------------------------------------------------------------------------------------------------------+
; Parameter Settings for User Entity Instance: StackPointer:inst4|lpm_add_sub0:inst3|lpm_add_sub:lpm_add_sub_component ;
+------------------------+-------------+-------------------------------------------------------------------------------+
; Parameter Name         ; Value       ; Type                                                                          ;
+------------------------+-------------+-------------------------------------------------------------------------------+
; LPM_WIDTH              ; 3           ; Signed Integer                                                                ;
; LPM_REPRESENTATION     ; UNSIGNED    ; Untyped                                                                       ;
; LPM_DIRECTION          ; SUB         ; Untyped                                                                       ;
; ONE_INPUT_IS_CONSTANT  ; YES         ; Untyped                                                                       ;
; LPM_PIPELINE           ; 0           ; Untyped                                                                       ;
; MAXIMIZE_SPEED         ; 5           ; Untyped                                                                       ;
; REGISTERED_AT_END      ; 0           ; Untyped                                                                       ;
; OPTIMIZE_FOR_SPEED     ; 5           ; Untyped                                                                       ;
; USE_CS_BUFFERS         ; 1           ; Untyped                                                                       ;
; CARRY_CHAIN            ; MANUAL      ; Untyped                                                                       ;
; CARRY_CHAIN_LENGTH     ; 48          ; CARRY_CHAIN_LENGTH                                                            ;
; DEVICE_FAMILY          ; Stratix II  ; Untyped                                                                       ;
; USE_WYS                ; OFF         ; Untyped                                                                       ;
; STYLE                  ; FAST        ; Untyped                                                                       ;
; CBXI_PARAMETER         ; add_sub_uph ; Untyped                                                                       ;
; AUTO_CARRY_CHAINS      ; ON          ; AUTO_CARRY                                                                    ;
; IGNORE_CARRY_BUFFERS   ; OFF         ; IGNORE_CARRY                                                                  ;
; AUTO_CASCADE_CHAINS    ; ON          ; AUTO_CASCADE                                                                  ;
; IGNORE_CASCADE_BUFFERS ; OFF         ; IGNORE_CASCADE                                                                ;
+------------------------+-------------+-------------------------------------------------------------------------------+
Note: In order to hide this table in the UI and the text report file, please set the "Show Parameter Settings Tables in Synthesis Report" option in "Analysis and Synthesis Settings -> More Settings" to "Off".


+----------------------------------------------------------------------------------------------------------------------+
; Parameter Settings for User Entity Instance: StackPointer:inst4|lpm_counter5:inst1|lpm_counter:lpm_counter_component ;
+------------------------+------------+--------------------------------------------------------------------------------+
; Parameter Name         ; Value      ; Type                                                                           ;
+------------------------+------------+--------------------------------------------------------------------------------+
; AUTO_CARRY_CHAINS      ; ON         ; AUTO_CARRY                                                                     ;
; IGNORE_CARRY_BUFFERS   ; OFF        ; IGNORE_CARRY                                                                   ;
; AUTO_CASCADE_CHAINS    ; ON         ; AUTO_CASCADE                                                                   ;
; IGNORE_CASCADE_BUFFERS ; OFF        ; IGNORE_CASCADE                                                                 ;
; LPM_WIDTH              ; 3          ; Signed Integer                                                                 ;
; LPM_DIRECTION          ; DEFAULT    ; Untyped                                                                        ;
; LPM_MODULUS            ; 0          ; Untyped                                                                        ;
; LPM_AVALUE             ; UNUSED     ; Untyped                                                                        ;
; LPM_SVALUE             ; UNUSED     ; Untyped                                                                        ;
; LPM_PORT_UPDOWN        ; PORT_USED  ; Untyped                                                                        ;
; DEVICE_FAMILY          ; Stratix II ; Untyped                                                                        ;
; CARRY_CHAIN            ; MANUAL     ; Untyped                                                                        ;
; CARRY_CHAIN_LENGTH     ; 48         ; CARRY_CHAIN_LENGTH                                                             ;
; NOT_GATE_PUSH_BACK     ; ON         ; NOT_GATE_PUSH_BACK                                                             ;
; CARRY_CNT_EN           ; SMART      ; Untyped                                                                        ;
; LABWIDE_SCLR           ; ON         ; Untyped                                                                        ;
; USE_NEW_VERSION        ; TRUE       ; Untyped                                                                        ;
; CBXI_PARAMETER         ; cntr_4dg   ; Untyped                                                                        ;
+------------------------+------------+--------------------------------------------------------------------------------+
Note: In order to hide this table in the UI and the text report file, please set the "Show Parameter Settings Tables in Synthesis Report" option in "Analysis and Synthesis Settings -> More Settings" to "Off".


+---------------------------------------------------------------------------------------------------+
; Parameter Settings for User Entity Instance: lpm_compare2:inst6|lpm_compare:lpm_compare_component ;
+------------------------+------------+-------------------------------------------------------------+
; Parameter Name         ; Value      ; Type                                                        ;
+------------------------+------------+-------------------------------------------------------------+
; lpm_width              ; 3          ; Signed Integer                                              ;
; LPM_REPRESENTATION     ; UNSIGNED   ; Untyped                                                     ;
; LPM_PIPELINE           ; 0          ; Untyped                                                     ;
; CHAIN_SIZE             ; 8          ; Untyped                                                     ;
; ONE_INPUT_IS_CONSTANT  ; NO         ; Untyped                                                     ;
; CARRY_CHAIN            ; MANUAL     ; Untyped                                                     ;
; CASCADE_CHAIN          ; MANUAL     ; Untyped                                                     ;
; CARRY_CHAIN_LENGTH     ; 48         ; CARRY_CHAIN_LENGTH                                          ;
; CASCADE_CHAIN_LENGTH   ; 2          ; CASCADE_CHAIN_LENGTH                                        ;
; DEVICE_FAMILY          ; Stratix II ; Untyped                                                     ;
; CBXI_PARAMETER         ; cmpr_aig   ; Untyped                                                     ;
; AUTO_CARRY_CHAINS      ; ON         ; AUTO_CARRY                                                  ;
; IGNORE_CARRY_BUFFERS   ; OFF        ; IGNORE_CARRY                                                ;
; AUTO_CASCADE_CHAINS    ; ON         ; AUTO_CASCADE                                                ;
; IGNORE_CASCADE_BUFFERS ; OFF        ; IGNORE_CASCADE                                              ;
+------------------------+------------+-------------------------------------------------------------+
Note: In order to hide this table in the UI and the text report file, please set the "Show Parameter Settings Tables in Synthesis Report" option in "Analysis and Synthesis Settings -> More Settings" to "Off".


+------------------------------------------------------------------------------------------------------+
; Parameter Settings for User Entity Instance: lpm_constant0:inst7|lpm_constant:lpm_constant_component ;
+--------------------+------------------+--------------------------------------------------------------+
; Parameter Name     ; Value            ; Type                                                         ;
+--------------------+------------------+--------------------------------------------------------------+
; LPM_WIDTH          ; 3                ; Signed Integer                                               ;
; LPM_CVALUE         ; 6                ; Signed Integer                                               ;
; ENABLE_RUNTIME_MOD ; NO               ; Untyped                                                      ;
; CBXI_PARAMETER     ; lpm_constant_be6 ; Untyped                                                      ;
+--------------------+------------------+--------------------------------------------------------------+
Note: In order to hide this table in the UI and the text report file, please set the "Show Parameter Settings Tables in Synthesis Report" option in "Analysis and Synthesis Settings -> More Settings" to "Off".


+----------------------------------------------------------------------------------------+
; Parameter Settings for User Entity Instance: lpm_mux7:inst25|LPM_MUX:lpm_mux_component ;
+------------------------+------------+--------------------------------------------------+
; Parameter Name         ; Value      ; Type                                             ;
+------------------------+------------+--------------------------------------------------+
; AUTO_CARRY_CHAINS      ; ON         ; AUTO_CARRY                                       ;
; IGNORE_CARRY_BUFFERS   ; OFF        ; IGNORE_CARRY                                     ;
; AUTO_CASCADE_CHAINS    ; ON         ; AUTO_CASCADE                                     ;
; IGNORE_CASCADE_BUFFERS ; OFF        ; IGNORE_CASCADE                                   ;
; LPM_WIDTH              ; 8          ; Signed Integer                                   ;
; LPM_SIZE               ; 6          ; Signed Integer                                   ;
; LPM_WIDTHS             ; 3          ; Signed Integer                                   ;
; LPM_PIPELINE           ; 0          ; Signed Integer                                   ;
; CBXI_PARAMETER         ; mux_f4e    ; Untyped                                          ;
; DEVICE_FAMILY          ; Stratix II ; Untyped                                          ;
+------------------------+------------+--------------------------------------------------+
Note: In order to hide this table in the UI and the text report file, please set the "Show Parameter Settings Tables in Synthesis Report" option in "Analysis and Synthesis Settings -> More Settings" to "Off".


+------------------------------------------------------------------------------------+
; Parameter Settings for User Entity Instance: lpm_dff2:inst|lpm_ff:lpm_ff_component ;
+------------------------+------------+----------------------------------------------+
; Parameter Name         ; Value      ; Type                                         ;
+------------------------+------------+----------------------------------------------+
; LPM_WIDTH              ; 8          ; Signed Integer                               ;
; LPM_AVALUE             ; UNUSED     ; Untyped                                      ;
; LPM_SVALUE             ; UNUSED     ; Untyped                                      ;
; LPM_FFTYPE             ; DFF        ; Untyped                                      ;
; DEVICE_FAMILY          ; Stratix II ; Untyped                                      ;
; CBXI_PARAMETER         ; NOTHING    ; Untyped                                      ;
; AUTO_CARRY_CHAINS      ; ON         ; AUTO_CARRY                                   ;
; IGNORE_CARRY_BUFFERS   ; OFF        ; IGNORE_CARRY                                 ;
; AUTO_CASCADE_CHAINS    ; ON         ; AUTO_CASCADE                                 ;
; IGNORE_CASCADE_BUFFERS ; OFF        ; IGNORE_CASCADE                               ;
+------------------------+------------+----------------------------------------------+
Note: In order to hide this table in the UI and the text report file, please set the "Show Parameter Settings Tables in Synthesis Report" option in "Analysis and Synthesis Settings -> More Settings" to "Off".


+-------------------------------------------------------------------------------------------------+
; Parameter Settings for User Entity Instance: lpm_decode5:inst26|lpm_decode:lpm_decode_component ;
+------------------------+------------+-----------------------------------------------------------+
; Parameter Name         ; Value      ; Type                                                      ;
+------------------------+------------+-----------------------------------------------------------+
; LPM_WIDTH              ; 3          ; Signed Integer                                            ;
; LPM_DECODES            ; 8          ; Signed Integer                                            ;
; LPM_PIPELINE           ; 0          ; Untyped                                                   ;
; CASCADE_CHAIN          ; MANUAL     ; Untyped                                                   ;
; DEVICE_FAMILY          ; Stratix II ; Untyped                                                   ;
; CBXI_PARAMETER         ; decode_5sf ; Untyped                                                   ;
; AUTO_CARRY_CHAINS      ; ON         ; AUTO_CARRY                                                ;
; IGNORE_CARRY_BUFFERS   ; OFF        ; IGNORE_CARRY                                              ;
; AUTO_CASCADE_CHAINS    ; ON         ; AUTO_CASCADE                                              ;
; IGNORE_CASCADE_BUFFERS ; OFF        ; IGNORE_CASCADE                                            ;
+------------------------+------------+-----------------------------------------------------------+
Note: In order to hide this table in the UI and the text report file, please set the "Show Parameter Settings Tables in Synthesis Report" option in "Analysis and Synthesis Settings -> More Settings" to "Off".


+--------------------------------------------------------------------------------------+
; Parameter Settings for User Entity Instance: lpm_dff2:inst18|lpm_ff:lpm_ff_component ;
+------------------------+------------+------------------------------------------------+
; Parameter Name         ; Value      ; Type                                           ;
+------------------------+------------+------------------------------------------------+
; LPM_WIDTH              ; 8          ; Signed Integer                                 ;
; LPM_AVALUE             ; UNUSED     ; Untyped                                        ;
; LPM_SVALUE             ; UNUSED     ; Untyped                                        ;
; LPM_FFTYPE             ; DFF        ; Untyped                                        ;
; DEVICE_FAMILY          ; Stratix II ; Untyped                                        ;
; CBXI_PARAMETER         ; NOTHING    ; Untyped                                        ;
; AUTO_CARRY_CHAINS      ; ON         ; AUTO_CARRY                                     ;
; IGNORE_CARRY_BUFFERS   ; OFF        ; IGNORE_CARRY                                   ;
; AUTO_CASCADE_CHAINS    ; ON         ; AUTO_CASCADE                                   ;
; IGNORE_CASCADE_BUFFERS ; OFF        ; IGNORE_CASCADE                                 ;
+------------------------+------------+------------------------------------------------+
Note: In order to hide this table in the UI and the text report file, please set the "Show Parameter Settings Tables in Synthesis Report" option in "Analysis and Synthesis Settings -> More Settings" to "Off".


+--------------------------------------------------------------------------------------+
; Parameter Settings for User Entity Instance: lpm_dff2:inst19|lpm_ff:lpm_ff_component ;
+------------------------+------------+------------------------------------------------+
; Parameter Name         ; Value      ; Type                                           ;
+------------------------+------------+------------------------------------------------+
; LPM_WIDTH              ; 8          ; Signed Integer                                 ;
; LPM_AVALUE             ; UNUSED     ; Untyped                                        ;
; LPM_SVALUE             ; UNUSED     ; Untyped                                        ;
; LPM_FFTYPE             ; DFF        ; Untyped                                        ;
; DEVICE_FAMILY          ; Stratix II ; Untyped                                        ;
; CBXI_PARAMETER         ; NOTHING    ; Untyped                                        ;
; AUTO_CARRY_CHAINS      ; ON         ; AUTO_CARRY                                     ;
; IGNORE_CARRY_BUFFERS   ; OFF        ; IGNORE_CARRY                                   ;
; AUTO_CASCADE_CHAINS    ; ON         ; AUTO_CASCADE                                   ;
; IGNORE_CASCADE_BUFFERS ; OFF        ; IGNORE_CASCADE                                 ;
+------------------------+------------+------------------------------------------------+
Note: In order to hide this table in the UI and the text report file, please set the "Show Parameter Settings Tables in Synthesis Report" option in "Analysis and Synthesis Settings -> More Settings" to "Off".


+--------------------------------------------------------------------------------------+
; Parameter Settings for User Entity Instance: lpm_dff2:inst20|lpm_ff:lpm_ff_component ;
+------------------------+------------+------------------------------------------------+
; Parameter Name         ; Value      ; Type                                           ;
+------------------------+------------+------------------------------------------------+
; LPM_WIDTH              ; 8          ; Signed Integer                                 ;
; LPM_AVALUE             ; UNUSED     ; Untyped                                        ;
; LPM_SVALUE             ; UNUSED     ; Untyped                                        ;
; LPM_FFTYPE             ; DFF        ; Untyped                                        ;
; DEVICE_FAMILY          ; Stratix II ; Untyped                                        ;
; CBXI_PARAMETER         ; NOTHING    ; Untyped                                        ;
; AUTO_CARRY_CHAINS      ; ON         ; AUTO_CARRY                                     ;
; IGNORE_CARRY_BUFFERS   ; OFF        ; IGNORE_CARRY                                   ;
; AUTO_CASCADE_CHAINS    ; ON         ; AUTO_CASCADE                                   ;
; IGNORE_CASCADE_BUFFERS ; OFF        ; IGNORE_CASCADE                                 ;
+------------------------+------------+------------------------------------------------+
Note: In order to hide this table in the UI and the text report file, please set the "Show Parameter Settings Tables in Synthesis Report" option in "Analysis and Synthesis Settings -> More Settings" to "Off".


+--------------------------------------------------------------------------------------+
; Parameter Settings for User Entity Instance: lpm_dff2:inst21|lpm_ff:lpm_ff_component ;
+------------------------+------------+------------------------------------------------+
; Parameter Name         ; Value      ; Type                                           ;
+------------------------+------------+------------------------------------------------+
; LPM_WIDTH              ; 8          ; Signed Integer                                 ;
; LPM_AVALUE             ; UNUSED     ; Untyped                                        ;
; LPM_SVALUE             ; UNUSED     ; Untyped                                        ;
; LPM_FFTYPE             ; DFF        ; Untyped                                        ;
; DEVICE_FAMILY          ; Stratix II ; Untyped                                        ;
; CBXI_PARAMETER         ; NOTHING    ; Untyped                                        ;
; AUTO_CARRY_CHAINS      ; ON         ; AUTO_CARRY                                     ;
; IGNORE_CARRY_BUFFERS   ; OFF        ; IGNORE_CARRY                                   ;
; AUTO_CASCADE_CHAINS    ; ON         ; AUTO_CASCADE                                   ;
; IGNORE_CASCADE_BUFFERS ; OFF        ; IGNORE_CASCADE                                 ;
+------------------------+------------+------------------------------------------------+
Note: In order to hide this table in the UI and the text report file, please set the "Show Parameter Settings Tables in Synthesis Report" option in "Analysis and Synthesis Settings -> More Settings" to "Off".


+--------------------------------------------------------------------------------------+
; Parameter Settings for User Entity Instance: lpm_dff2:inst22|lpm_ff:lpm_ff_component ;
+------------------------+------------+------------------------------------------------+
; Parameter Name         ; Value      ; Type                                           ;
+------------------------+------------+------------------------------------------------+
; LPM_WIDTH              ; 8          ; Signed Integer                                 ;
; LPM_AVALUE             ; UNUSED     ; Untyped                                        ;
; LPM_SVALUE             ; UNUSED     ; Untyped                                        ;
; LPM_FFTYPE             ; DFF        ; Untyped                                        ;
; DEVICE_FAMILY          ; Stratix II ; Untyped                                        ;
; CBXI_PARAMETER         ; NOTHING    ; Untyped                                        ;
; AUTO_CARRY_CHAINS      ; ON         ; AUTO_CARRY                                     ;
; IGNORE_CARRY_BUFFERS   ; OFF        ; IGNORE_CARRY                                   ;
; AUTO_CASCADE_CHAINS    ; ON         ; AUTO_CASCADE                                   ;
; IGNORE_CASCADE_BUFFERS ; OFF        ; IGNORE_CASCADE                                 ;
+------------------------+------------+------------------------------------------------+
Note: In order to hide this table in the UI and the text report file, please set the "Show Parameter Settings Tables in Synthesis Report" option in "Analysis and Synthesis Settings -> More Settings" to "Off".


+-------------------------------+
; Analysis & Synthesis Messages ;
+-------------------------------+
Info: *******************************************************************
Info: Running Quartus II Analysis & Synthesis
    Info: Version 9.1 Build 222 10/21/2009 SJ Web Edition
    Info: Processing started: Thu Apr 26 23:15:05 2018
Info: Command: quartus_map --read_settings_files=on --write_settings_files=off CourseProject -c CourseProject
Info: Found 1 design units, including 1 entities, in source file cache.bdf
    Info: Found entity 1: Cache
Info: Found 1 design units, including 1 entities, in source file cachememory.bdf
    Info: Found entity 1: CacheMemory
Info: Found 1 design units, including 1 entities, in source file cachecontrolunit.bdf
    Info: Found entity 1: CacheControlUnit
Info: Found 2 design units, including 1 entities, in source file lpm_bustri0.vhd
    Info: Found design unit 1: lpm_bustri0-SYN
    Info: Found entity 1: lpm_bustri0
Info: Found 2 design units, including 1 entities, in source file lpm_bustri1.vhd
    Info: Found design unit 1: lpm_bustri1-SYN
    Info: Found entity 1: lpm_bustri1
Info: Found 2 design units, including 1 entities, in source file lpm_bustri2.vhd
    Info: Found design unit 1: lpm_bustri2-SYN
    Info: Found entity 1: lpm_bustri2
Info: Found 1 design units, including 1 entities, in source file cachememoryblock.bdf
    Info: Found entity 1: CacheMemoryBlock
Info: Found 2 design units, including 1 entities, in source file lpm_decode0.vhd
    Info: Found design unit 1: lpm_decode0-SYN
    Info: Found entity 1: lpm_decode0
Info: Found 2 design units, including 1 entities, in source file lpm_decode1.vhd
    Info: Found design unit 1: lpm_decode1-SYN
    Info: Found entity 1: lpm_decode1
Info: Found 2 design units, including 1 entities, in source file lpm_dff0.vhd
    Info: Found design unit 1: lpm_dff0-SYN
    Info: Found entity 1: lpm_dff0
Info: Found 2 design units, including 1 entities, in source file lpm_bustri3.vhd
    Info: Found design unit 1: lpm_bustri3-SYN
    Info: Found entity 1: lpm_bustri3
Info: Found 1 design units, including 1 entities, in source file memoryblock.bdf
    Info: Found entity 1: MemoryBlock
Info: Found 2 design units, including 1 entities, in source file lpm_ram_dq0.vhd
    Info: Found design unit 1: lpm_ram_dq0-SYN
    Info: Found entity 1: lpm_ram_dq0
Info: Found 2 design units, including 1 entities, in source file lpm_rom0.vhd
    Info: Found design unit 1: lpm_rom0-SYN
    Info: Found entity 1: lpm_rom0
Info: Found 1 design units, including 1 entities, in source file cachecontrolblock.bdf
    Info: Found entity 1: CacheControlBlock
Info: Found 2 design units, including 1 entities, in source file lpm_dff1.vhd
    Info: Found design unit 1: lpm_dff1-SYN
    Info: Found entity 1: lpm_dff1
Info: Found 2 design units, including 1 entities, in source file lpm_counter0.vhd
    Info: Found design unit 1: lpm_counter0-SYN
    Info: Found entity 1: lpm_counter0
Info: Found 2 design units, including 1 entities, in source file lpm_mux1.vhd
    Info: Found design unit 1: lpm_mux1-SYN
    Info: Found entity 1: lpm_mux1
Info: Found 2 design units, including 1 entities, in source file lpm_mux2.vhd
    Info: Found design unit 1: lpm_mux2-SYN
    Info: Found entity 1: lpm_mux2
Info: Found 2 design units, including 1 entities, in source file lpm_counter1.vhd
    Info: Found design unit 1: lpm_counter1-SYN
    Info: Found entity 1: lpm_counter1
Warning: Can't analyze file -- file AndForBusLines.bdf is missing
Info: Found 1 design units, including 1 entities, in source file notandforbuslines.bdf
    Info: Found entity 1: NotAndForBusLines
Info: Found 1 design units, including 1 entities, in source file andnotforbuslines.bdf
    Info: Found entity 1: AndNotForBusLines
Info: Found 1 design units, including 1 entities, in source file comparatorgetmax.bdf
    Info: Found entity 1: ComparatorGetMax
Info: Found 2 design units, including 1 entities, in source file lpm_compare0.vhd
    Info: Found design unit 1: lpm_compare0-SYN
    Info: Found entity 1: lpm_compare0
Info: Found 2 design units, including 1 entities, in source file lpm_compare1.vhd
    Info: Found design unit 1: lpm_compare1-SYN
    Info: Found entity 1: lpm_compare1
Info: Found 1 design units, including 1 entities, in source file encoder.bdf
    Info: Found entity 1: Encoder
Info: Found 2 design units, including 1 entities, in source file lpm_mux3.vhd
    Info: Found design unit 1: lpm_mux3-SYN
    Info: Found entity 1: lpm_mux3
Info: Found 2 design units, including 1 entities, in source file lpm_decode2.vhd
    Info: Found design unit 1: lpm_decode2-SYN
    Info: Found entity 1: lpm_decode2
Info: Found 2 design units, including 1 entities, in source file lpm_counter2.vhd
    Info: Found design unit 1: lpm_counter2-SYN
    Info: Found entity 1: lpm_counter2
Info: Found 2 design units, including 1 entities, in source file lpm_counter3.vhd
    Info: Found design unit 1: lpm_counter3-SYN
    Info: Found entity 1: lpm_counter3
Info: Found 2 design units, including 1 entities, in source file lpm_mux4.vhd
    Info: Found design unit 1: lpm_mux4-SYN
    Info: Found entity 1: lpm_mux4
Info: Found 2 design units, including 1 entities, in source file lpm_decode3.vhd
    Info: Found design unit 1: lpm_decode3-SYN
    Info: Found entity 1: lpm_decode3
Info: Found 1 design units, including 1 entities, in source file all.bdf
    Info: Found entity 1: All
Info: Found 1 design units, including 1 entities, in source file registers.bdf
    Info: Found entity 1: Registers
Info: Found 2 design units, including 1 entities, in source file lpm_dff2.vhd
    Info: Found design unit 1: lpm_dff2-SYN
    Info: Found entity 1: lpm_dff2
Info: Found 2 design units, including 1 entities, in source file lpm_decode4.vhd
    Info: Found design unit 1: lpm_decode4-SYN
    Info: Found entity 1: lpm_decode4
Info: Found 2 design units, including 1 entities, in source file lpm_mux5.vhd
    Info: Found design unit 1: lpm_mux5-SYN
    Info: Found entity 1: lpm_mux5
Info: Found 1 design units, including 1 entities, in source file registerscontrolunit.bdf
    Info: Found entity 1: RegistersControlUnit
Info: Found 1 design units, including 1 entities, in source file registersmemory.bdf
    Info: Found entity 1: RegistersMemory
Info: Found 2 design units, including 1 entities, in source file lpm_mux6.vhd
    Info: Found design unit 1: lpm_mux6-SYN
    Info: Found entity 1: lpm_mux6
Info: Found 1 design units, including 1 entities, in source file stack.bdf
    Info: Found entity 1: Stack
Info: Found 2 design units, including 1 entities, in source file lpm_dff3.vhd
    Info: Found design unit 1: lpm_dff3-SYN
    Info: Found entity 1: lpm_dff3
Info: Found 1 design units, including 1 entities, in source file stackpointer.bdf
    Info: Found entity 1: StackPointer
Info: Found 2 design units, including 1 entities, in source file lpm_constant0.vhd
    Info: Found design unit 1: lpm_constant0-SYN
    Info: Found entity 1: lpm_constant0
Info: Found 2 design units, including 1 entities, in source file lpm_counter5.vhd
    Info: Found design unit 1: lpm_counter5-SYN
    Info: Found entity 1: lpm_counter5
Info: Found 2 design units, including 1 entities, in source file lpm_add_sub0.vhd
    Info: Found design unit 1: lpm_add_sub0-SYN
    Info: Found entity 1: lpm_add_sub0
Info: Found 2 design units, including 1 entities, in source file lpm_compare2.vhd
    Info: Found design unit 1: lpm_compare2-SYN
    Info: Found entity 1: lpm_compare2
Info: Found 2 design units, including 1 entities, in source file lpm_constant1.vhd
    Info: Found design unit 1: lpm_constant1-SYN
    Info: Found entity 1: lpm_constant1
Info: Found 2 design units, including 1 entities, in source file lpm_mux7.vhd
    Info: Found design unit 1: lpm_mux7-SYN
    Info: Found entity 1: lpm_mux7
Info: Found 2 design units, including 1 entities, in source file lpm_decode5.vhd
    Info: Found design unit 1: lpm_decode5-SYN
    Info: Found entity 1: lpm_decode5
Info: Elaborating entity "Stack" for the top level hierarchy
Info: Elaborating entity "lpm_compare2" for hierarchy "lpm_compare2:inst8"
Info: Elaborating entity "lpm_compare" for hierarchy "lpm_compare2:inst8|lpm_compare:lpm_compare_component"
Info: Elaborated megafunction instantiation "lpm_compare2:inst8|lpm_compare:lpm_compare_component"
Info: Instantiated megafunction "lpm_compare2:inst8|lpm_compare:lpm_compare_component" with the following parameter:
    Info: Parameter "lpm_representation" = "UNSIGNED"
    Info: Parameter "lpm_type" = "LPM_COMPARE"
    Info: Parameter "lpm_width" = "3"
Info: Found 1 design units, including 1 entities, in source file db/cmpr_aig.tdf
    Info: Found entity 1: cmpr_aig
Info: Elaborating entity "cmpr_aig" for hierarchy "lpm_compare2:inst8|lpm_compare:lpm_compare_component|cmpr_aig:auto_generated"
Info: Elaborating entity "lpm_constant1" for hierarchy "lpm_constant1:inst10"
Info: Elaborating entity "lpm_constant" for hierarchy "lpm_constant1:inst10|lpm_constant:lpm_constant_component"
Info: Elaborated megafunction instantiation "lpm_constant1:inst10|lpm_constant:lpm_constant_component"
Info: Instantiated megafunction "lpm_constant1:inst10|lpm_constant:lpm_constant_component" with the following parameter:
    Info: Parameter "lpm_cvalue" = "0"
    Info: Parameter "lpm_hint" = "ENABLE_RUNTIME_MOD=NO"
    Info: Parameter "lpm_type" = "LPM_CONSTANT"
    Info: Parameter "lpm_width" = "3"
Info: Elaborating entity "StackPointer" for hierarchy "StackPointer:inst4"
Info: Elaborating entity "lpm_add_sub0" for hierarchy "StackPointer:inst4|lpm_add_sub0:inst3"
Info: Elaborating entity "lpm_add_sub" for hierarchy "StackPointer:inst4|lpm_add_sub0:inst3|lpm_add_sub:lpm_add_sub_component"
Info: Elaborated megafunction instantiation "StackPointer:inst4|lpm_add_sub0:inst3|lpm_add_sub:lpm_add_sub_component"
Info: Instantiated megafunction "StackPointer:inst4|lpm_add_sub0:inst3|lpm_add_sub:lpm_add_sub_component" with the following parameter:
    Info: Parameter "lpm_direction" = "SUB"
    Info: Parameter "lpm_hint" = "ONE_INPUT_IS_CONSTANT=YES,CIN_USED=NO"
    Info: Parameter "lpm_representation" = "UNSIGNED"
    Info: Parameter "lpm_type" = "LPM_ADD_SUB"
    Info: Parameter "lpm_width" = "3"
Info: Found 1 design units, including 1 entities, in source file db/add_sub_uph.tdf
    Info: Found entity 1: add_sub_uph
Info: Elaborating entity "add_sub_uph" for hierarchy "StackPointer:inst4|lpm_add_sub0:inst3|lpm_add_sub:lpm_add_sub_component|add_sub_uph:auto_generated"
Info: Elaborating entity "lpm_counter5" for hierarchy "StackPointer:inst4|lpm_counter5:inst1"
Info: Elaborating entity "lpm_counter" for hierarchy "StackPointer:inst4|lpm_counter5:inst1|lpm_counter:lpm_counter_component"
Info: Elaborated megafunction instantiation "StackPointer:inst4|lpm_counter5:inst1|lpm_counter:lpm_counter_component"
Info: Instantiated megafunction "StackPointer:inst4|lpm_counter5:inst1|lpm_counter:lpm_counter_component" with the following parameter:
    Info: Parameter "lpm_direction" = "UNUSED"
    Info: Parameter "lpm_port_updown" = "PORT_USED"
    Info: Parameter "lpm_type" = "LPM_COUNTER"
    Info: Parameter "lpm_width" = "3"
Info: Found 1 design units, including 1 entities, in source file db/cntr_4dg.tdf
    Info: Found entity 1: cntr_4dg
Info: Elaborating entity "cntr_4dg" for hierarchy "StackPointer:inst4|lpm_counter5:inst1|lpm_counter:lpm_counter_component|cntr_4dg:auto_generated"
Info: Elaborating entity "lpm_constant0" for hierarchy "lpm_constant0:inst7"
Info: Elaborating entity "lpm_constant" for hierarchy "lpm_constant0:inst7|lpm_constant:lpm_constant_component"
Info: Elaborated megafunction instantiation "lpm_constant0:inst7|lpm_constant:lpm_constant_component"
Info: Instantiated megafunction "lpm_constant0:inst7|lpm_constant:lpm_constant_component" with the following parameter:
    Info: Parameter "lpm_cvalue" = "6"
    Info: Parameter "lpm_hint" = "ENABLE_RUNTIME_MOD=NO"
    Info: Parameter "lpm_type" = "LPM_CONSTANT"
    Info: Parameter "lpm_width" = "3"
Info: Elaborating entity "lpm_mux7" for hierarchy "lpm_mux7:inst25"
Info: Elaborating entity "LPM_MUX" for hierarchy "lpm_mux7:inst25|LPM_MUX:lpm_mux_component"
Info: Elaborated megafunction instantiation "lpm_mux7:inst25|LPM_MUX:lpm_mux_component"
Info: Instantiated megafunction "lpm_mux7:inst25|LPM_MUX:lpm_mux_component" with the following parameter:
    Info: Parameter "LPM_WIDTH" = "8"
    Info: Parameter "LPM_SIZE" = "6"
    Info: Parameter "LPM_WIDTHS" = "3"
    Info: Parameter "LPM_PIPELINE" = "0"
    Info: Parameter "LPM_TYPE" = "LPM_MUX"
    Info: Parameter "LPM_HINT" = "UNUSED"
Info: Found 1 design units, including 1 entities, in source file db/mux_f4e.tdf
    Info: Found entity 1: mux_f4e
Info: Elaborating entity "mux_f4e" for hierarchy "lpm_mux7:inst25|LPM_MUX:lpm_mux_component|mux_f4e:auto_generated"
Info: Elaborating entity "lpm_dff2" for hierarchy "lpm_dff2:inst"
Info: Elaborating entity "lpm_ff" for hierarchy "lpm_dff2:inst|lpm_ff:lpm_ff_component"
Info: Elaborated megafunction instantiation "lpm_dff2:inst|lpm_ff:lpm_ff_component"
Info: Instantiated megafunction "lpm_dff2:inst|lpm_ff:lpm_ff_component" with the following parameter:
    Info: Parameter "lpm_fftype" = "DFF"
    Info: Parameter "lpm_type" = "LPM_FF"
    Info: Parameter "lpm_width" = "8"
Info: Elaborating entity "lpm_decode5" for hierarchy "lpm_decode5:inst26"
Info: Elaborating entity "lpm_decode" for hierarchy "lpm_decode5:inst26|lpm_decode:lpm_decode_component"
Info: Elaborated megafunction instantiation "lpm_decode5:inst26|lpm_decode:lpm_decode_component"
Info: Instantiated megafunction "lpm_decode5:inst26|lpm_decode:lpm_decode_component" with the following parameter:
    Info: Parameter "lpm_decodes" = "8"
    Info: Parameter "lpm_type" = "LPM_DECODE"
    Info: Parameter "lpm_width" = "3"
Info: Found 1 design units, including 1 entities, in source file db/decode_5sf.tdf
    Info: Found entity 1: decode_5sf
Info: Elaborating entity "decode_5sf" for hierarchy "lpm_decode5:inst26|lpm_decode:lpm_decode_component|decode_5sf:auto_generated"
Info: Implemented 94 device resources after synthesis - the final resource count might be different
    Info: Implemented 11 input pins
    Info: Implemented 13 output pins
    Info: Implemented 70 logic cells
Info: Quartus II Analysis & Synthesis was successful. 0 errors, 1 warning
    Info: Peak virtual memory: 227 megabytes
    Info: Processing ended: Thu Apr 26 23:15:14 2018
    Info: Elapsed time: 00:00:09
    Info: Total CPU time (on all processors): 00:00:08


