Flow report for CourseProject
Tue May 01 17:31:00 2018
Quartus II Version 9.1 Build 222 10/21/2009 SJ Web Edition


---------------------
; Table of Contents ;
---------------------
  1. Legal Notice
  2. Flow Summary
  3. Flow Settings
  4. Flow Non-Default Global Settings
  5. Flow Elapsed Time
  6. Flow OS Summary
  7. Flow Log



----------------
; Legal Notice ;
----------------
Copyright (C) 1991-2009 Altera Corporation
Your use of Altera Corporation's design tools, logic functions 
and other software and tools, and its AMPP partner logic 
functions, and any output files from any of the foregoing 
(including device programming or simulation files), and any 
associated documentation or information are expressly subject 
to the terms and conditions of the Altera Program License 
Subscription Agreement, Altera MegaCore Function License 
Agreement, or other applicable license agreement, including, 
without limitation, that your use is for the sole purpose of 
programming logic devices manufactured by Altera and sold by 
Altera or its authorized distributors.  Please refer to the 
applicable agreement for further details.



+-------------------------------------------------------------------------+
; Flow Summary                                                            ;
+-------------------------------+-----------------------------------------+
; Flow Status                   ; Flow Failed - Tue May 01 17:31:00 2018  ;
; Quartus II Version            ; 9.1 Build 222 10/21/2009 SJ Web Edition ;
; Revision Name                 ; CourseProject                           ;
; Top-level Entity Name         ; CourseProject                           ;
; Family                        ; Stratix II                              ;
; Met timing requirements       ; N/A                                     ;
; Logic utilization             ; N/A until Partition Merge               ;
;     Combinational ALUTs       ; N/A until Partition Merge               ;
;     Dedicated logic registers ; N/A until Partition Merge               ;
; Total registers               ; N/A until Partition Merge               ;
; Total pins                    ; N/A until Partition Merge               ;
; Total virtual pins            ; N/A until Partition Merge               ;
; Total block memory bits       ; N/A until Partition Merge               ;
; DSP block 9-bit elements      ; N/A until Partition Merge               ;
; Total PLLs                    ; N/A until Partition Merge               ;
; Total DLLs                    ; N/A until Partition Merge               ;
+-------------------------------+-----------------------------------------+


+-----------------------------------------+
; Flow Settings                           ;
+-------------------+---------------------+
; Option            ; Setting             ;
+-------------------+---------------------+
; Start date & time ; 05/01/2018 17:30:41 ;
; Main task         ; Compilation         ;
; Revision Name     ; CourseProject       ;
+-------------------+---------------------+


+-----------------------------------------------------------------------------------------------------------------------------------------------------------+
; Flow Non-Default Global Settings                                                                                                                          ;
+------------------------------------+-----------------------------------------------------------------------+---------------+-------------+----------------+
; Assignment Name                    ; Value                                                                 ; Default Value ; Entity Name ; Section Id     ;
+------------------------------------+-----------------------------------------------------------------------+---------------+-------------+----------------+
; COMPILER_SIGNATURE_ID              ; 92526993014715.152518504105456                                        ; --            ; --          ; --             ;
; IP_TOOL_NAME                       ; LPM_BUSTRI                                                            ; --            ; --          ; --             ;
; IP_TOOL_NAME                       ; LPM_BUSTRI                                                            ; --            ; --          ; --             ;
; IP_TOOL_NAME                       ; LPM_BUSTRI                                                            ; --            ; --          ; --             ;
; IP_TOOL_NAME                       ; LPM_DECODE                                                            ; --            ; --          ; --             ;
; IP_TOOL_NAME                       ; LPM_DECODE                                                            ; --            ; --          ; --             ;
; IP_TOOL_NAME                       ; LPM_FF                                                                ; --            ; --          ; --             ;
; IP_TOOL_NAME                       ; LPM_BUSTRI                                                            ; --            ; --          ; --             ;
; IP_TOOL_NAME                       ; LPM_RAM_DQ                                                            ; --            ; --          ; --             ;
; IP_TOOL_NAME                       ; LPM_ROM                                                               ; --            ; --          ; --             ;
; IP_TOOL_NAME                       ; LPM_FF                                                                ; --            ; --          ; --             ;
; IP_TOOL_NAME                       ; LPM_COUNTER                                                           ; --            ; --          ; --             ;
; IP_TOOL_NAME                       ; LPM_MUX                                                               ; --            ; --          ; --             ;
; IP_TOOL_NAME                       ; LPM_MUX                                                               ; --            ; --          ; --             ;
; IP_TOOL_NAME                       ; LPM_MUX                                                               ; --            ; --          ; --             ;
; IP_TOOL_NAME                       ; LPM_COUNTER                                                           ; --            ; --          ; --             ;
; IP_TOOL_NAME                       ; LPM_COMPARE                                                           ; --            ; --          ; --             ;
; IP_TOOL_NAME                       ; LPM_COMPARE                                                           ; --            ; --          ; --             ;
; IP_TOOL_NAME                       ; LPM_MUX                                                               ; --            ; --          ; --             ;
; IP_TOOL_NAME                       ; LPM_DECODE                                                            ; --            ; --          ; --             ;
; IP_TOOL_NAME                       ; LPM_COUNTER                                                           ; --            ; --          ; --             ;
; IP_TOOL_NAME                       ; LPM_COUNTER                                                           ; --            ; --          ; --             ;
; IP_TOOL_NAME                       ; LPM_COUNTER                                                           ; --            ; --          ; --             ;
; IP_TOOL_NAME                       ; LPM_MUX                                                               ; --            ; --          ; --             ;
; IP_TOOL_NAME                       ; LPM_DECODE                                                            ; --            ; --          ; --             ;
; IP_TOOL_NAME                       ; LPM_FF                                                                ; --            ; --          ; --             ;
; IP_TOOL_NAME                       ; LPM_DECODE                                                            ; --            ; --          ; --             ;
; IP_TOOL_NAME                       ; LPM_MUX                                                               ; --            ; --          ; --             ;
; IP_TOOL_NAME                       ; LPM_MUX                                                               ; --            ; --          ; --             ;
; IP_TOOL_NAME                       ; LPM_FF                                                                ; --            ; --          ; --             ;
; IP_TOOL_NAME                       ; LPM_CONSTANT                                                          ; --            ; --          ; --             ;
; IP_TOOL_NAME                       ; LPM_COUNTER                                                           ; --            ; --          ; --             ;
; IP_TOOL_NAME                       ; LPM_ADD_SUB                                                           ; --            ; --          ; --             ;
; IP_TOOL_NAME                       ; LPM_COMPARE                                                           ; --            ; --          ; --             ;
; IP_TOOL_NAME                       ; LPM_CONSTANT                                                          ; --            ; --          ; --             ;
; IP_TOOL_NAME                       ; LPM_MUX                                                               ; --            ; --          ; --             ;
; IP_TOOL_NAME                       ; LPM_DECODE                                                            ; --            ; --          ; --             ;
; IP_TOOL_NAME                       ; LPM_CONSTANT                                                          ; --            ; --          ; --             ;
; IP_TOOL_NAME                       ; LPM_ADD_SUB                                                           ; --            ; --          ; --             ;
; IP_TOOL_NAME                       ; LPM_FF                                                                ; --            ; --          ; --             ;
; IP_TOOL_NAME                       ; LPM_BUSTRI                                                            ; --            ; --          ; --             ;
; IP_TOOL_NAME                       ; LPM_COMPARE                                                           ; --            ; --          ; --             ;
; IP_TOOL_NAME                       ; LPM_COUNTER                                                           ; --            ; --          ; --             ;
; IP_TOOL_NAME                       ; LPM_COMPARE                                                           ; --            ; --          ; --             ;
; IP_TOOL_NAME                       ; LPM_COMPARE                                                           ; --            ; --          ; --             ;
; IP_TOOL_NAME                       ; LPM_ADD_SUB                                                           ; --            ; --          ; --             ;
; IP_TOOL_NAME                       ; LPM_OR                                                                ; --            ; --          ; --             ;
; IP_TOOL_NAME                       ; LPM_XOR                                                               ; --            ; --          ; --             ;
; IP_TOOL_NAME                       ; LPM_INV                                                               ; --            ; --          ; --             ;
; IP_TOOL_NAME                       ; LPM_CLSHIFT                                                           ; --            ; --          ; --             ;
; IP_TOOL_NAME                       ; LPM_MUX                                                               ; --            ; --          ; --             ;
; IP_TOOL_NAME                       ; LPM_CONSTANT                                                          ; --            ; --          ; --             ;
; IP_TOOL_NAME                       ; LPM_CONSTANT                                                          ; --            ; --          ; --             ;
; IP_TOOL_NAME                       ; LPM_CONSTANT                                                          ; --            ; --          ; --             ;
; IP_TOOL_NAME                       ; LPM_CONSTANT                                                          ; --            ; --          ; --             ;
; IP_TOOL_NAME                       ; LPM_BUSTRI                                                            ; --            ; --          ; --             ;
; IP_TOOL_NAME                       ; LPM_FF                                                                ; --            ; --          ; --             ;
; IP_TOOL_NAME                       ; LPM_DECODE                                                            ; --            ; --          ; --             ;
; IP_TOOL_NAME                       ; LPM_MUX                                                               ; --            ; --          ; --             ;
; IP_TOOL_NAME                       ; LPM_COUNTER                                                           ; --            ; --          ; --             ;
; IP_TOOL_NAME                       ; LPM_INV                                                               ; --            ; --          ; --             ;
; IP_TOOL_VERSION                    ; 9.1                                                                   ; --            ; --          ; --             ;
; IP_TOOL_VERSION                    ; 9.1                                                                   ; --            ; --          ; --             ;
; IP_TOOL_VERSION                    ; 9.1                                                                   ; --            ; --          ; --             ;
; IP_TOOL_VERSION                    ; 9.1                                                                   ; --            ; --          ; --             ;
; IP_TOOL_VERSION                    ; 9.1                                                                   ; --            ; --          ; --             ;
; IP_TOOL_VERSION                    ; 9.1                                                                   ; --            ; --          ; --             ;
; IP_TOOL_VERSION                    ; 9.1                                                                   ; --            ; --          ; --             ;
; IP_TOOL_VERSION                    ; 9.1                                                                   ; --            ; --          ; --             ;
; IP_TOOL_VERSION                    ; 9.1                                                                   ; --            ; --          ; --             ;
; IP_TOOL_VERSION                    ; 9.1                                                                   ; --            ; --          ; --             ;
; IP_TOOL_VERSION                    ; 9.1                                                                   ; --            ; --          ; --             ;
; IP_TOOL_VERSION                    ; 9.1                                                                   ; --            ; --          ; --             ;
; IP_TOOL_VERSION                    ; 9.1                                                                   ; --            ; --          ; --             ;
; IP_TOOL_VERSION                    ; 9.1                                                                   ; --            ; --          ; --             ;
; IP_TOOL_VERSION                    ; 9.1                                                                   ; --            ; --          ; --             ;
; IP_TOOL_VERSION                    ; 9.1                                                                   ; --            ; --          ; --             ;
; IP_TOOL_VERSION                    ; 9.1                                                                   ; --            ; --          ; --             ;
; IP_TOOL_VERSION                    ; 9.1                                                                   ; --            ; --          ; --             ;
; IP_TOOL_VERSION                    ; 9.1                                                                   ; --            ; --          ; --             ;
; IP_TOOL_VERSION                    ; 9.1                                                                   ; --            ; --          ; --             ;
; IP_TOOL_VERSION                    ; 9.1                                                                   ; --            ; --          ; --             ;
; IP_TOOL_VERSION                    ; 9.1                                                                   ; --            ; --          ; --             ;
; IP_TOOL_VERSION                    ; 9.1                                                                   ; --            ; --          ; --             ;
; IP_TOOL_VERSION                    ; 9.1                                                                   ; --            ; --          ; --             ;
; IP_TOOL_VERSION                    ; 9.1                                                                   ; --            ; --          ; --             ;
; IP_TOOL_VERSION                    ; 9.1                                                                   ; --            ; --          ; --             ;
; IP_TOOL_VERSION                    ; 9.1                                                                   ; --            ; --          ; --             ;
; IP_TOOL_VERSION                    ; 9.1                                                                   ; --            ; --          ; --             ;
; IP_TOOL_VERSION                    ; 9.1                                                                   ; --            ; --          ; --             ;
; IP_TOOL_VERSION                    ; 9.1                                                                   ; --            ; --          ; --             ;
; IP_TOOL_VERSION                    ; 9.1                                                                   ; --            ; --          ; --             ;
; IP_TOOL_VERSION                    ; 9.1                                                                   ; --            ; --          ; --             ;
; IP_TOOL_VERSION                    ; 9.1                                                                   ; --            ; --          ; --             ;
; IP_TOOL_VERSION                    ; 9.1                                                                   ; --            ; --          ; --             ;
; IP_TOOL_VERSION                    ; 9.1                                                                   ; --            ; --          ; --             ;
; IP_TOOL_VERSION                    ; 9.1                                                                   ; --            ; --          ; --             ;
; IP_TOOL_VERSION                    ; 9.1                                                                   ; --            ; --          ; --             ;
; IP_TOOL_VERSION                    ; 9.1                                                                   ; --            ; --          ; --             ;
; IP_TOOL_VERSION                    ; 9.1                                                                   ; --            ; --          ; --             ;
; IP_TOOL_VERSION                    ; 9.1                                                                   ; --            ; --          ; --             ;
; IP_TOOL_VERSION                    ; 9.1                                                                   ; --            ; --          ; --             ;
; IP_TOOL_VERSION                    ; 9.1                                                                   ; --            ; --          ; --             ;
; IP_TOOL_VERSION                    ; 9.1                                                                   ; --            ; --          ; --             ;
; IP_TOOL_VERSION                    ; 9.1                                                                   ; --            ; --          ; --             ;
; IP_TOOL_VERSION                    ; 9.1                                                                   ; --            ; --          ; --             ;
; IP_TOOL_VERSION                    ; 9.1                                                                   ; --            ; --          ; --             ;
; IP_TOOL_VERSION                    ; 9.1                                                                   ; --            ; --          ; --             ;
; IP_TOOL_VERSION                    ; 9.1                                                                   ; --            ; --          ; --             ;
; IP_TOOL_VERSION                    ; 9.1                                                                   ; --            ; --          ; --             ;
; IP_TOOL_VERSION                    ; 9.1                                                                   ; --            ; --          ; --             ;
; IP_TOOL_VERSION                    ; 9.1                                                                   ; --            ; --          ; --             ;
; IP_TOOL_VERSION                    ; 9.1                                                                   ; --            ; --          ; --             ;
; IP_TOOL_VERSION                    ; 9.1                                                                   ; --            ; --          ; --             ;
; IP_TOOL_VERSION                    ; 9.1                                                                   ; --            ; --          ; --             ;
; IP_TOOL_VERSION                    ; 9.1                                                                   ; --            ; --          ; --             ;
; IP_TOOL_VERSION                    ; 9.1                                                                   ; --            ; --          ; --             ;
; IP_TOOL_VERSION                    ; 9.1                                                                   ; --            ; --          ; --             ;
; IP_TOOL_VERSION                    ; 9.1                                                                   ; --            ; --          ; --             ;
; IP_TOOL_VERSION                    ; 9.1                                                                   ; --            ; --          ; --             ;
; IP_TOOL_VERSION                    ; 9.1                                                                   ; --            ; --          ; --             ;
; MISC_FILE                          ; lpm_bustri0.bsf                                                       ; --            ; --          ; --             ;
; MISC_FILE                          ; lpm_bustri0.inc                                                       ; --            ; --          ; --             ;
; MISC_FILE                          ; lpm_bustri1.bsf                                                       ; --            ; --          ; --             ;
; MISC_FILE                          ; lpm_bustri1.inc                                                       ; --            ; --          ; --             ;
; MISC_FILE                          ; lpm_bustri2.bsf                                                       ; --            ; --          ; --             ;
; MISC_FILE                          ; lpm_bustri2.inc                                                       ; --            ; --          ; --             ;
; MISC_FILE                          ; lpm_decode0.bsf                                                       ; --            ; --          ; --             ;
; MISC_FILE                          ; lpm_decode0.inc                                                       ; --            ; --          ; --             ;
; MISC_FILE                          ; lpm_decode1.bsf                                                       ; --            ; --          ; --             ;
; MISC_FILE                          ; lpm_decode1.inc                                                       ; --            ; --          ; --             ;
; MISC_FILE                          ; lpm_dff0.bsf                                                          ; --            ; --          ; --             ;
; MISC_FILE                          ; lpm_dff0.inc                                                          ; --            ; --          ; --             ;
; MISC_FILE                          ; lpm_bustri3.bsf                                                       ; --            ; --          ; --             ;
; MISC_FILE                          ; lpm_bustri3.inc                                                       ; --            ; --          ; --             ;
; MISC_FILE                          ; lpm_ram_dq0.bsf                                                       ; --            ; --          ; --             ;
; MISC_FILE                          ; lpm_ram_dq0.inc                                                       ; --            ; --          ; --             ;
; MISC_FILE                          ; lpm_rom0.bsf                                                          ; --            ; --          ; --             ;
; MISC_FILE                          ; lpm_rom0.inc                                                          ; --            ; --          ; --             ;
; MISC_FILE                          ; lpm_dff1.bsf                                                          ; --            ; --          ; --             ;
; MISC_FILE                          ; lpm_dff1.inc                                                          ; --            ; --          ; --             ;
; MISC_FILE                          ; lpm_counter0.bsf                                                      ; --            ; --          ; --             ;
; MISC_FILE                          ; lpm_counter0.inc                                                      ; --            ; --          ; --             ;
; MISC_FILE                          ; lpm_mux0.tdf                                                          ; --            ; --          ; --             ;
; MISC_FILE                          ; lpm_mux0.bsf                                                          ; --            ; --          ; --             ;
; MISC_FILE                          ; lpm_mux0.inc                                                          ; --            ; --          ; --             ;
; MISC_FILE                          ; lpm_mux1.bsf                                                          ; --            ; --          ; --             ;
; MISC_FILE                          ; lpm_mux1.inc                                                          ; --            ; --          ; --             ;
; MISC_FILE                          ; lpm_mux2.bsf                                                          ; --            ; --          ; --             ;
; MISC_FILE                          ; lpm_mux2.inc                                                          ; --            ; --          ; --             ;
; MISC_FILE                          ; lpm_counter1.bsf                                                      ; --            ; --          ; --             ;
; MISC_FILE                          ; lpm_counter1.inc                                                      ; --            ; --          ; --             ;
; MISC_FILE                          ; lpm_compare0.bsf                                                      ; --            ; --          ; --             ;
; MISC_FILE                          ; lpm_compare0.inc                                                      ; --            ; --          ; --             ;
; MISC_FILE                          ; lpm_compare1.bsf                                                      ; --            ; --          ; --             ;
; MISC_FILE                          ; lpm_compare1.inc                                                      ; --            ; --          ; --             ;
; MISC_FILE                          ; lpm_mux3.bsf                                                          ; --            ; --          ; --             ;
; MISC_FILE                          ; lpm_mux3.inc                                                          ; --            ; --          ; --             ;
; MISC_FILE                          ; lpm_decode2.bsf                                                       ; --            ; --          ; --             ;
; MISC_FILE                          ; lpm_decode2.inc                                                       ; --            ; --          ; --             ;
; MISC_FILE                          ; lpm_counter2.bsf                                                      ; --            ; --          ; --             ;
; MISC_FILE                          ; lpm_counter2.inc                                                      ; --            ; --          ; --             ;
; MISC_FILE                          ; lpm_counter3.bsf                                                      ; --            ; --          ; --             ;
; MISC_FILE                          ; lpm_counter3.inc                                                      ; --            ; --          ; --             ;
; MISC_FILE                          ; lpm_counter4.tdf                                                      ; --            ; --          ; --             ;
; MISC_FILE                          ; lpm_counter4.bsf                                                      ; --            ; --          ; --             ;
; MISC_FILE                          ; lpm_counter4.inc                                                      ; --            ; --          ; --             ;
; MISC_FILE                          ; lpm_mux4.bsf                                                          ; --            ; --          ; --             ;
; MISC_FILE                          ; lpm_mux4.inc                                                          ; --            ; --          ; --             ;
; MISC_FILE                          ; lpm_decode3.bsf                                                       ; --            ; --          ; --             ;
; MISC_FILE                          ; lpm_decode3.inc                                                       ; --            ; --          ; --             ;
; MISC_FILE                          ; C:/Users/Greenwalrus/Desktop/CourseProj6Sem/Project/CourseProject.dpf ; --            ; --          ; --             ;
; MISC_FILE                          ; lpm_dff2.bsf                                                          ; --            ; --          ; --             ;
; MISC_FILE                          ; lpm_dff2.inc                                                          ; --            ; --          ; --             ;
; MISC_FILE                          ; lpm_decode4.bsf                                                       ; --            ; --          ; --             ;
; MISC_FILE                          ; lpm_decode4.inc                                                       ; --            ; --          ; --             ;
; MISC_FILE                          ; lpm_mux5.bsf                                                          ; --            ; --          ; --             ;
; MISC_FILE                          ; lpm_mux5.inc                                                          ; --            ; --          ; --             ;
; MISC_FILE                          ; lpm_mux6.bsf                                                          ; --            ; --          ; --             ;
; MISC_FILE                          ; lpm_mux6.inc                                                          ; --            ; --          ; --             ;
; MISC_FILE                          ; lpm_dff3.bsf                                                          ; --            ; --          ; --             ;
; MISC_FILE                          ; lpm_dff3.inc                                                          ; --            ; --          ; --             ;
; MISC_FILE                          ; lpm_constant0.bsf                                                     ; --            ; --          ; --             ;
; MISC_FILE                          ; lpm_constant0.inc                                                     ; --            ; --          ; --             ;
; MISC_FILE                          ; lpm_counter5.bsf                                                      ; --            ; --          ; --             ;
; MISC_FILE                          ; lpm_counter5.inc                                                      ; --            ; --          ; --             ;
; MISC_FILE                          ; lpm_add_sub0.bsf                                                      ; --            ; --          ; --             ;
; MISC_FILE                          ; lpm_add_sub0.inc                                                      ; --            ; --          ; --             ;
; MISC_FILE                          ; lpm_compare2.bsf                                                      ; --            ; --          ; --             ;
; MISC_FILE                          ; lpm_compare2.inc                                                      ; --            ; --          ; --             ;
; MISC_FILE                          ; lpm_constant1.bsf                                                     ; --            ; --          ; --             ;
; MISC_FILE                          ; lpm_constant1.inc                                                     ; --            ; --          ; --             ;
; MISC_FILE                          ; lpm_mux7.bsf                                                          ; --            ; --          ; --             ;
; MISC_FILE                          ; lpm_mux7.inc                                                          ; --            ; --          ; --             ;
; MISC_FILE                          ; lpm_decode5.bsf                                                       ; --            ; --          ; --             ;
; MISC_FILE                          ; lpm_decode5.inc                                                       ; --            ; --          ; --             ;
; MISC_FILE                          ; lpm_constant2.bsf                                                     ; --            ; --          ; --             ;
; MISC_FILE                          ; lpm_constant2.inc                                                     ; --            ; --          ; --             ;
; MISC_FILE                          ; lpm_add_sub2.bsf                                                      ; --            ; --          ; --             ;
; MISC_FILE                          ; lpm_add_sub2.inc                                                      ; --            ; --          ; --             ;
; MISC_FILE                          ; lpm_dff4.bsf                                                          ; --            ; --          ; --             ;
; MISC_FILE                          ; lpm_dff4.inc                                                          ; --            ; --          ; --             ;
; MISC_FILE                          ; lpm_bustri4.bsf                                                       ; --            ; --          ; --             ;
; MISC_FILE                          ; lpm_bustri4.inc                                                       ; --            ; --          ; --             ;
; MISC_FILE                          ; lpm_compare3.bsf                                                      ; --            ; --          ; --             ;
; MISC_FILE                          ; lpm_compare3.inc                                                      ; --            ; --          ; --             ;
; MISC_FILE                          ; lpm_counter6.bsf                                                      ; --            ; --          ; --             ;
; MISC_FILE                          ; lpm_counter6.inc                                                      ; --            ; --          ; --             ;
; MISC_FILE                          ; lpm_compare4.bsf                                                      ; --            ; --          ; --             ;
; MISC_FILE                          ; lpm_compare4.inc                                                      ; --            ; --          ; --             ;
; MISC_FILE                          ; lpm_compare5.bsf                                                      ; --            ; --          ; --             ;
; MISC_FILE                          ; lpm_compare5.inc                                                      ; --            ; --          ; --             ;
; MISC_FILE                          ; lpm_add_sub3.bsf                                                      ; --            ; --          ; --             ;
; MISC_FILE                          ; lpm_add_sub3.inc                                                      ; --            ; --          ; --             ;
; MISC_FILE                          ; lpm_or0.bsf                                                           ; --            ; --          ; --             ;
; MISC_FILE                          ; lpm_or0.inc                                                           ; --            ; --          ; --             ;
; MISC_FILE                          ; lpm_xor0.bsf                                                          ; --            ; --          ; --             ;
; MISC_FILE                          ; lpm_xor0.inc                                                          ; --            ; --          ; --             ;
; MISC_FILE                          ; lpm_inv0.bsf                                                          ; --            ; --          ; --             ;
; MISC_FILE                          ; lpm_inv0.inc                                                          ; --            ; --          ; --             ;
; MISC_FILE                          ; lpm_clshift0.bsf                                                      ; --            ; --          ; --             ;
; MISC_FILE                          ; lpm_clshift0.inc                                                      ; --            ; --          ; --             ;
; MISC_FILE                          ; lpm_mux8.bsf                                                          ; --            ; --          ; --             ;
; MISC_FILE                          ; lpm_mux8.inc                                                          ; --            ; --          ; --             ;
; MISC_FILE                          ; lpm_constant3.bsf                                                     ; --            ; --          ; --             ;
; MISC_FILE                          ; lpm_constant3.inc                                                     ; --            ; --          ; --             ;
; MISC_FILE                          ; lpm_constant4.bsf                                                     ; --            ; --          ; --             ;
; MISC_FILE                          ; lpm_constant4.inc                                                     ; --            ; --          ; --             ;
; MISC_FILE                          ; lpm_constant5.bsf                                                     ; --            ; --          ; --             ;
; MISC_FILE                          ; lpm_constant5.inc                                                     ; --            ; --          ; --             ;
; MISC_FILE                          ; lpm_constant6.bsf                                                     ; --            ; --          ; --             ;
; MISC_FILE                          ; lpm_constant6.inc                                                     ; --            ; --          ; --             ;
; MISC_FILE                          ; lpm_bustri5.bsf                                                       ; --            ; --          ; --             ;
; MISC_FILE                          ; lpm_bustri5.inc                                                       ; --            ; --          ; --             ;
; MISC_FILE                          ; lpm_dff5.bsf                                                          ; --            ; --          ; --             ;
; MISC_FILE                          ; lpm_dff5.inc                                                          ; --            ; --          ; --             ;
; MISC_FILE                          ; lpm_decode6.bsf                                                       ; --            ; --          ; --             ;
; MISC_FILE                          ; lpm_decode6.inc                                                       ; --            ; --          ; --             ;
; MISC_FILE                          ; lpm_mux9.bsf                                                          ; --            ; --          ; --             ;
; MISC_FILE                          ; lpm_mux9.inc                                                          ; --            ; --          ; --             ;
; MISC_FILE                          ; lpm_counter7.bsf                                                      ; --            ; --          ; --             ;
; MISC_FILE                          ; lpm_counter7.inc                                                      ; --            ; --          ; --             ;
; MISC_FILE                          ; lpm_inv1.bsf                                                          ; --            ; --          ; --             ;
; MISC_FILE                          ; lpm_inv1.inc                                                          ; --            ; --          ; --             ;
; PARTITION_COLOR                    ; 16764057                                                              ; --            ; --          ; Top            ;
; PARTITION_NETLIST_TYPE             ; SOURCE                                                                ; --            ; --          ; Top            ;
; USE_GENERATED_PHYSICAL_CONSTRAINTS ; Off                                                                   ; --            ; --          ; eda_blast_fpga ;
+------------------------------------+-----------------------------------------------------------------------+---------------+-------------+----------------+


+--------------------------------------------------------------------------------------------------------------------------+
; Flow Elapsed Time                                                                                                        ;
+----------------------+--------------+-------------------------+---------------------+------------------------------------+
; Module Name          ; Elapsed Time ; Average Processors Used ; Peak Virtual Memory ; Total CPU Time (on all processors) ;
+----------------------+--------------+-------------------------+---------------------+------------------------------------+
; Analysis & Synthesis ; 00:00:22     ; 1.0                     ; 249 MB              ; 00:00:21                           ;
; Total                ; 00:00:22     ; --                      ; --                  ; 00:00:21                           ;
+----------------------+--------------+-------------------------+---------------------+------------------------------------+


+---------------------------------------------------------------------------------------+
; Flow OS Summary                                                                       ;
+----------------------+------------------+---------------+------------+----------------+
; Module Name          ; Machine Hostname ; OS Name       ; OS Version ; Processor type ;
+----------------------+------------------+---------------+------------+----------------+
; Analysis & Synthesis ; Greenwalrus-PC   ; Windows Vista ; 6.1        ; i686           ;
+----------------------+------------------+---------------+------------+----------------+


------------
; Flow Log ;
------------
quartus_map --read_settings_files=on --write_settings_files=off CourseProject -c CourseProject



